\BOOKMARK [0][-]{chapter*.3}{\376\377\000I\000.\000\040\000G\000U\000\315\000A\000\040\000D\000E\000\040\000L\000A\000\040\000M\000E\000M\000O\000R\000I\000A}{}% 1
\BOOKMARK [0][-]{chapter*.3}{\376\377\000I\000I\000.\000\040\000M\000E\000M\000O\000R\000I\000A}{}% 2
\BOOKMARK [0][-]{chapter.1}{\376\377\0001\000\040\000I\000n\000t\000r\000o\000d\000u\000c\000c\000i\000\363\000n}{}% 3
\BOOKMARK [1][-]{section.1.1}{\376\377\0001\000.\0001\000\040\000I\000n\000t\000r\000o\000d\000u\000c\000c\000i\000\363\000n}{chapter.1}% 4
\BOOKMARK [1][-]{section.1.2}{\376\377\0001\000.\0002\000\040\000M\000o\000t\000i\000v\000a\000c\000i\000\363\000n}{chapter.1}% 5
\BOOKMARK [0][-]{chapter.2}{\376\377\0002\000\040\000P\000l\000a\000n\000t\000e\000a\000m\000i\000e\000n\000t\000o\000\040\000d\000e\000l\000\040\000p\000r\000o\000b\000l\000e\000m\000a}{}% 6
\BOOKMARK [1][-]{section.2.1}{\376\377\0002\000.\0001\000\040\000P\000r\000o\000b\000l\000e\000m\000\341\000t\000i\000c\000a\000\040\000e\000n\000\040\000l\000a\000\040\000G\000e\000n\000e\000r\000a\000c\000i\000\363\000n\000\040\000P\000r\000o\000c\000e\000d\000u\000r\000a\000l\000\040\000d\000e\000\040\000T\000e\000r\000r\000e\000n\000o}{chapter.2}% 7
\BOOKMARK [0][-]{chapter.3}{\376\377\0003\000\040\000O\000b\000j\000e\000t\000i\000v\000o\000s}{}% 8
\BOOKMARK [1][-]{section.3.1}{\376\377\0003\000.\0001\000\040\000O\000b\000j\000e\000t\000i\000v\000o\000s\000\040\000G\000e\000n\000e\000r\000a\000l\000e\000s\000\040\000y\000\040\000E\000s\000p\000e\000c\000\355\000f\000i\000c\000o\000s}{chapter.3}% 9
\BOOKMARK [0][-]{chapter.4}{\376\377\0004\000\040\000E\000s\000t\000a\000d\000o\000\040\000d\000e\000l\000\040\000a\000r\000t\000e}{}% 10
\BOOKMARK [1][-]{section.4.1}{\376\377\0004\000.\0001\000\040\000I\000n\000t\000r\000o\000d\000u\000c\000c\000i\000\363\000n}{chapter.4}% 11
\BOOKMARK [2][-]{subsection.4.1.1}{\376\377\0004\000.\0001\000.\0001\000\040\000C\000o\000n\000t\000e\000x\000t\000o\000\040\000H\000i\000s\000t\000\363\000r\000i\000c\000o}{section.4.1}% 12
\BOOKMARK [2][-]{subsection.4.1.2}{\376\377\0004\000.\0001\000.\0002\000\040\000T\000\351\000c\000n\000i\000c\000a\000s\000\040\000y\000\040\000A\000l\000g\000o\000r\000i\000t\000m\000o\000s}{section.4.1}% 13
\BOOKMARK [2][-]{subsection.4.1.3}{\376\377\0004\000.\0001\000.\0003\000\040\000H\000e\000r\000r\000a\000m\000i\000e\000n\000t\000a\000s\000\040\000y\000\040\000R\000e\000c\000u\000r\000s\000o\000s\000\040\000e\000n\000\040\000U\000n\000i\000t\000y}{section.4.1}% 14
\BOOKMARK [2][-]{subsection.4.1.4}{\376\377\0004\000.\0001\000.\0004\000\040\000A\000n\000t\000e\000c\000e\000d\000e\000n\000t\000e\000s\000\040\000e\000n\000\040\000U\000n\000i\000t\000y}{section.4.1}% 15
\BOOKMARK [2][-]{subsection.4.1.5}{\376\377\0004\000.\0001\000.\0005\000\040\000D\000e\000s\000a\000f\000\355\000o\000s\000\040\000y\000\040\000F\000u\000t\000u\000r\000a\000s\000\040\000T\000e\000n\000d\000e\000n\000c\000i\000a\000s}{section.4.1}% 16
\BOOKMARK [1][-]{section.4.2}{\376\377\0004\000.\0002\000\040\000D\000e\000f\000i\000n\000i\000c\000i\000\363\000n\000\040\000d\000e\000l\000\040\000T\000e\000m\000a}{chapter.4}% 17
\BOOKMARK [1][-]{section.4.3}{\376\377\0004\000.\0003\000\040\000H\000i\000s\000t\000o\000r\000i\000a\000\040\000y\000\040\000E\000v\000o\000l\000u\000c\000i\000\363\000n\000\040\000d\000e\000\040\000l\000a\000\040\000G\000e\000n\000e\000r\000a\000c\000i\000\363\000n\000\040\000P\000r\000o\000c\000e\000d\000u\000r\000a\000l\000\040\000d\000e\000\040\000T\000e\000r\000r\000e\000n\000o\000s}{chapter.4}% 18
\BOOKMARK [2][-]{subsection.4.3.1}{\376\377\0004\000.\0003\000.\0001\000\040\000D\000\351\000c\000a\000d\000a\000\040\000d\000e\000\040\000l\000o\000s\000\040\0006\0000}{section.4.3}% 19
\BOOKMARK [2][-]{subsection.4.3.2}{\376\377\0004\000.\0003\000.\0002\000\040\000D\000\351\000c\000a\000d\000a\000\040\000d\000e\000\040\000l\000o\000s\000\040\0008\0000}{section.4.3}% 20
\BOOKMARK [2][-]{subsection.4.3.3}{\376\377\0004\000.\0003\000.\0003\000\040\000D\000\351\000c\000a\000d\000a\000\040\000d\000e\000\040\000l\000o\000s\000\040\0002\0000\0000\0000}{section.4.3}% 21
\BOOKMARK [2][-]{subsection.4.3.4}{\376\377\0004\000.\0003\000.\0004\000\040\000D\000\351\000c\000a\000d\000a\000\040\000d\000e\000\040\000l\000o\000s\000\040\0002\0000\0001\0000}{section.4.3}% 22
\BOOKMARK [2][-]{subsection.4.3.5}{\376\377\0004\000.\0003\000.\0005\000\040\000E\000l\000\040\000F\000u\000t\000u\000r\000o\000\040\000d\000e\000\040\000l\000a\000\040\000G\000e\000n\000e\000r\000a\000c\000i\000\363\000n\000\040\000P\000r\000o\000c\000e\000d\000u\000r\000a\000l}{section.4.3}% 23
\BOOKMARK [1][-]{section.4.4}{\376\377\0004\000.\0004\000\040\000T\000\351\000c\000n\000i\000c\000a\000s\000\040\000y\000\040\000A\000l\000g\000o\000r\000i\000t\000m\000o\000s}{chapter.4}% 24
\BOOKMARK [2][-]{subsection.4.4.1}{\376\377\0004\000.\0004\000.\0001\000\040\000G\000e\000n\000e\000r\000a\000c\000i\000\363\000n\000\040\000P\000r\000o\000c\000e\000d\000u\000r\000a\000l\000\040\000d\000e\000\040\000T\000e\000r\000r\000e\000n\000o\000s\000\040\000b\000a\000s\000a\000d\000a\000\040\000e\000n\000\040\000F\000u\000n\000c\000i\000o\000n\000e\000s\000\040\000d\000e\000\040\000R\000u\000i\000d\000o}{section.4.4}% 25
\BOOKMARK [2][-]{subsection.4.4.2}{\376\377\0004\000.\0004\000.\0002\000\040\000A\000l\000g\000o\000r\000i\000t\000m\000o\000s\000\040\000b\000a\000s\000a\000d\000o\000s\000\040\000e\000n\000\040\000f\000r\000a\000c\000t\000a\000l\000e\000s\000\040\000p\000a\000r\000a\000\040\000l\000a\000\040\000g\000e\000n\000e\000r\000a\000c\000i\000\363\000n\000\040\000d\000e\000\040\000t\000e\000r\000r\000e\000n\000o\000s\000\040\000p\000r\000o\000c\000e\000d\000u\000r\000a\000l\000e\000s}{section.4.4}% 26
\BOOKMARK [2][-]{subsection.4.4.3}{\376\377\0004\000.\0004\000.\0003\000\040\000A\000l\000g\000o\000r\000i\000t\000m\000o\000s\000\040\000d\000e\000\040\000S\000i\000m\000u\000l\000a\000c\000i\000\363\000n\000\040\000F\000\355\000s\000i\000c\000a\000\040\000e\000n\000\040\000l\000a\000\040\000G\000e\000n\000e\000r\000a\000c\000i\000\363\000n\000\040\000P\000r\000o\000c\000e\000d\000u\000r\000a\000l\000\040\000d\000e\000\040\000T\000e\000r\000r\000e\000n\000o\000s}{section.4.4}% 27
\BOOKMARK [1][-]{section.4.5}{\376\377\0004\000.\0005\000\040\000A\000n\000t\000e\000c\000e\000d\000e\000n\000t\000e\000s\000\040\000e\000n\000\040\000U\000n\000i\000t\000y\000\040\000p\000a\000r\000a\000\040\000l\000a\000\040\000G\000e\000n\000e\000r\000a\000c\000i\000\363\000n\000\040\000P\000r\000o\000c\000e\000d\000u\000r\000a\000l\000\040\000d\000e\000\040\000T\000e\000r\000r\000e\000n\000o\000s}{chapter.4}% 28
\BOOKMARK [2][-]{subsection.4.5.1}{\376\377\0004\000.\0005\000.\0001\000\040\000H\000e\000r\000r\000a\000m\000i\000e\000n\000t\000a\000s\000\040\000y\000\040\000R\000e\000c\000u\000r\000s\000o\000s\000\040\000d\000e\000\040\000U\000n\000i\000t\000y}{section.4.5}% 29
\BOOKMARK [2][-]{subsection.4.5.2}{\376\377\0004\000.\0005\000.\0002\000\040\000P\000l\000u\000g\000i\000n\000s\000\040\000y\000\040\000A\000s\000s\000e\000t\000s\000\040\000e\000n\000\040\000U\000n\000i\000t\000y\000\040\000p\000a\000r\000a\000\040\000l\000a\000\040\000G\000e\000n\000e\000r\000a\000c\000i\000\363\000n\000\040\000d\000e\000\040\000T\000e\000r\000r\000e\000n\000o\000s\000\040\000P\000r\000o\000c\000e\000d\000u\000r\000a\000l\000e\000s}{section.4.5}% 30
\BOOKMARK [2][-]{subsection.4.5.3}{\376\377\0004\000.\0005\000.\0003\000\040\000C\000a\000r\000a\000c\000t\000e\000r\000\355\000s\000t\000i\000c\000a\000s\000\040\000d\000e\000l\000\040\000a\000s\000s\000e\000t\000\040\000P\000r\000o\000c\000e\000d\000u\000r\000a\000l\000\040\000T\000e\000r\000r\000a\000i\000n\000\040\000G\000e\000n\000e\000r\000a\000t\000o\000r\000\040\000e\000n\000\040\000l\000a\000\040\000t\000i\000e\000n\000d\000a\000\040\000d\000e\000\040\000a\000s\000s\000e\000t\000s\000\040\000d\000e\000\040\000U\000n\000i\000t\000y}{section.4.5}% 31
\BOOKMARK [1][-]{section.4.6}{\376\377\0004\000.\0006\000\040\000A\000p\000l\000i\000c\000a\000c\000i\000o\000n\000e\000s\000\040\000d\000e\000\040\000l\000a\000\040\000G\000e\000n\000e\000r\000a\000c\000i\000\363\000n\000\040\000P\000r\000o\000c\000e\000d\000u\000r\000a\000l\000\040\000d\000e\000\040\000T\000e\000r\000r\000e\000n\000o}{chapter.4}% 32
\BOOKMARK [2][-]{subsection.4.6.1}{\376\377\0004\000.\0006\000.\0001\000\040\000A\000p\000l\000i\000c\000a\000c\000i\000o\000n\000e\000s\000\040\000e\000n\000\040\000V\000i\000d\000e\000o\000j\000u\000e\000g\000o\000s}{section.4.6}% 33
\BOOKMARK [2][-]{subsection.4.6.2}{\376\377\0004\000.\0006\000.\0002\000\040\000A\000p\000l\000i\000c\000a\000c\000i\000o\000n\000e\000s\000\040\000e\000n\000\040\000S\000i\000m\000u\000l\000a\000c\000i\000o\000n\000e\000s\000\040\000C\000i\000e\000n\000t\000\355\000f\000i\000c\000a\000s}{section.4.6}% 34
\BOOKMARK [2][-]{subsection.4.6.3}{\376\377\0004\000.\0006\000.\0003\000\040\000A\000p\000l\000i\000c\000a\000c\000i\000o\000n\000e\000s\000\040\000e\000n\000\040\000R\000e\000a\000l\000i\000d\000a\000d\000\040\000V\000i\000r\000t\000u\000a\000l\000\040\000y\000\040\000A\000u\000m\000e\000n\000t\000a\000d\000a}{section.4.6}% 35
\BOOKMARK [2][-]{subsection.4.6.4}{\376\377\0004\000.\0006\000.\0004\000\040\000A\000p\000l\000i\000c\000a\000c\000i\000o\000n\000e\000s\000\040\000e\000n\000\040\000A\000n\000i\000m\000a\000c\000i\000\363\000n\000\040\000y\000\040\000P\000e\000l\000\355\000c\000u\000l\000a\000s}{section.4.6}% 36
\BOOKMARK [1][-]{section.4.7}{\376\377\0004\000.\0007\000\040\000D\000e\000s\000a\000f\000\355\000o\000s\000\040\000y\000\040\000T\000e\000n\000d\000e\000n\000c\000i\000a\000s\000\040\000F\000u\000t\000u\000r\000a\000s}{chapter.4}% 37
\BOOKMARK [0][-]{chapter.5}{\376\377\0005\000\040\000D\000e\000s\000a\000r\000r\000o\000l\000l\000o\000\040\000d\000e\000\040\000l\000a\000\040\000s\000o\000l\000u\000c\000i\000\363\000n}{}% 38
\BOOKMARK [1][-]{section.5.1}{\376\377\0005\000.\0001\000\040\000A\000n\000\341\000l\000i\000s\000i\000s}{chapter.5}% 39
\BOOKMARK [2][-]{subsection.5.1.1}{\376\377\0005\000.\0001\000.\0001\000\040\000O\000b\000j\000e\000t\000i\000v\000o\000s\000\040\000d\000e\000\040\000I\000m\000p\000l\000e\000m\000e\000n\000t\000a\000c\000i\000\363\000n}{section.5.1}% 40
\BOOKMARK [2][-]{subsection.5.1.2}{\376\377\0005\000.\0001\000.\0002\000\040\000R\000e\000q\000u\000i\000s\000i\000t\000o\000s\000\040\000d\000e\000l\000\040\000S\000i\000s\000t\000e\000m\000a}{section.5.1}% 41
\BOOKMARK [2][-]{subsection.5.1.3}{\376\377\0005\000.\0001\000.\0003\000\040\000A\000r\000q\000u\000i\000t\000e\000c\000t\000u\000r\000a\000\040\000d\000e\000l\000\040\000S\000i\000s\000t\000e\000m\000a}{section.5.1}% 42
\BOOKMARK [2][-]{subsection.5.1.4}{\376\377\0005\000.\0001\000.\0004\000\040\000T\000e\000c\000n\000o\000l\000o\000g\000\355\000a\000s\000\040\000y\000\040\000H\000e\000r\000r\000a\000m\000i\000e\000n\000t\000a\000s\000\040\000U\000t\000i\000l\000i\000z\000a\000d\000a\000s}{section.5.1}% 43
\BOOKMARK [2][-]{subsection.5.1.5}{\376\377\0005\000.\0001\000.\0005\000\040\000P\000l\000a\000n\000i\000f\000i\000c\000a\000c\000i\000\363\000n\000\040\000d\000e\000l\000\040\000D\000e\000s\000a\000r\000r\000o\000l\000l\000o}{section.5.1}% 44
\BOOKMARK [1][-]{section.5.2}{\376\377\0005\000.\0002\000\040\000D\000i\000s\000e\000\361\000o}{chapter.5}% 45
\BOOKMARK [2][-]{subsection.5.2.1}{\376\377\0005\000.\0002\000.\0001\000\040\000D\000i\000s\000e\000\361\000o\000\040\000d\000e\000\040\000l\000a\000s\000\040\000c\000l\000a\000s\000e\000s\000\040\000d\000e\000\040\000l\000a\000\040\000A\000r\000q\000u\000i\000t\000e\000c\000t\000u\000r\000a}{section.5.2}% 46
\BOOKMARK [2][-]{subsection.5.2.2}{\376\377\0005\000.\0002\000.\0002\000\040\000D\000i\000s\000e\000\361\000o\000\040\000d\000e\000\040\000l\000a\000\040\000A\000r\000q\000u\000i\000t\000e\000c\000t\000u\000r\000a\000\040\000d\000e\000l\000\040\000S\000o\000f\000t\000w\000a\000r\000e}{section.5.2}% 47
\BOOKMARK [2][-]{subsection.5.2.3}{\376\377\0005\000.\0002\000.\0003\000\040\000D\000i\000s\000e\000\361\000o\000\040\000D\000e\000t\000a\000l\000l\000a\000d\000o}{section.5.2}% 48
\BOOKMARK [2][-]{subsection.5.2.4}{\376\377\0005\000.\0002\000.\0004\000\040\000D\000e\000s\000a\000f\000\355\000o\000s\000\040\000y\000\040\000D\000e\000c\000i\000s\000i\000o\000n\000e\000s\000\040\000d\000e\000\040\000D\000i\000s\000e\000\361\000o}{section.5.2}% 49
\BOOKMARK [1][-]{section.5.3}{\376\377\0005\000.\0003\000\040\000I\000m\000p\000l\000e\000m\000e\000n\000t\000a\000c\000i\000\363\000n}{chapter.5}% 50
\BOOKMARK [2][-]{subsection.5.3.1}{\376\377\0005\000.\0003\000.\0001\000\040\000I\000m\000p\000l\000e\000m\000e\000n\000t\000a\000c\000i\000\363\000n\000\040\000d\000e\000\040\000l\000a\000\040\000A\000r\000q\000u\000i\000t\000e\000c\000t\000u\000r\000a}{section.5.3}% 51
\BOOKMARK [2][-]{subsection.5.3.2}{\376\377\0005\000.\0003\000.\0002\000\040\000I\000m\000p\000l\000e\000m\000e\000n\000t\000a\000c\000i\000\363\000n\000\040\000d\000e\000\040\000l\000o\000s\000\040\000A\000l\000g\000o\000r\000i\000t\000m\000o\000s}{section.5.3}% 52
\BOOKMARK [2][-]{subsection.5.3.3}{\376\377\0005\000.\0003\000.\0003\000\040\000E\000l\000e\000c\000c\000i\000\363\000n\000\040\000d\000e\000\040\000E\000s\000t\000r\000u\000c\000t\000u\000r\000a\000s\000\040\000d\000e\000\040\000D\000a\000t\000o\000s\000\040\000y\000\040\000T\000i\000p\000o\000s}{section.5.3}% 53
\BOOKMARK [0][-]{chapter.6}{\376\377\0006\000\040\000A\000n\000\341\000l\000i\000s\000i\000s\000\040\000d\000e\000\040\000R\000e\000s\000u\000l\000t\000a\000d\000o\000s}{}% 54
\BOOKMARK [1][-]{section.6.1}{\376\377\0006\000.\0001\000\040\000G\000e\000n\000e\000r\000a\000c\000i\000\363\000n\000\040\000d\000e\000\040\000T\000e\000r\000r\000e\000n\000o\000s}{chapter.6}% 55
\BOOKMARK [2][-]{subsection.6.1.1}{\376\377\0006\000.\0001\000.\0001\000\040\000M\000a\000p\000a\000s\000\040\000d\000e\000\040\000A\000l\000t\000u\000r\000a\000\040\000G\000e\000n\000e\000r\000a\000d\000o\000s}{section.6.1}% 56
\BOOKMARK [2][-]{subsection.6.1.2}{\376\377\0006\000.\0001\000.\0002\000\040\000E\000f\000e\000c\000t\000o\000s\000\040\000d\000e\000\040\000E\000r\000o\000s\000i\000\363\000n}{section.6.1}% 57
\BOOKMARK [1][-]{section.6.2}{\376\377\0006\000.\0002\000\040\000V\000i\000s\000u\000a\000l\000i\000z\000a\000c\000i\000\363\000n}{chapter.6}% 58
\BOOKMARK [2][-]{subsection.6.2.1}{\376\377\0006\000.\0002\000.\0001\000\040\000R\000e\000p\000r\000e\000s\000e\000n\000t\000a\000c\000i\000\363\000n\000\040\000G\000r\000\341\000f\000i\000c\000a}{section.6.2}% 59
\BOOKMARK [2][-]{subsection.6.2.2}{\376\377\0006\000.\0002\000.\0002\000\040\000C\000o\000m\000p\000a\000r\000a\000c\000i\000\363\000n\000\040\000d\000e\000\040\000L\000O\000D}{section.6.2}% 60
\BOOKMARK [0][-]{chapter.7}{\376\377\0007\000\040\000C\000o\000n\000c\000l\000u\000s\000i\000o\000n\000e\000s}{}% 61
\BOOKMARK [1][-]{section.7.1}{\376\377\0007\000.\0001\000\040\000C\000o\000n\000c\000l\000u\000s\000i\000o\000n\000e\000s}{chapter.7}% 62
\BOOKMARK [1][-]{section.7.2}{\376\377\0007\000.\0002\000\040\000T\000r\000a\000b\000a\000j\000o\000\040\000f\000u\000t\000u\000r\000o}{chapter.7}% 63
\BOOKMARK [0][-]{appendix.Alph1}{\376\377\000A\000\040\000A\000p\000\351\000n\000d\000i\000c\000e}{}% 64
\BOOKMARK [1][-]{section.Alph1.1}{\376\377\000A\000.\0001\000\040\000C\000r\000o\000n\000o\000g\000r\000a\000m\000a\000\040\000d\000e\000\040\000f\000a\000s\000e\000s\000\040\000d\000e\000l\000\040\000d\000e\000s\000a\000r\000r\000o\000l\000l\000o}{appendix.Alph1}% 65
\BOOKMARK [0][-]{figure.caption.97}{\376\377\000B\000i\000b\000l\000i\000o\000g\000r\000a\000f\000\355\000a}{}% 66
