This is pdfTeX, Version 3.141592653-2.6-1.40.25 (MiKTeX 23.5) (preloaded format=pdflatex 2023.9.18)  18 SEP 2023 11:15
entering extended mode
 restricted \write18 enabled.
 file:line:error style messages enabled.
 %&-line parsing enabled.
**"c:/Users/Rafa Polope/Desktop/TFM/Memoria Latex/Memoria/tex/memoria.tex"
(c:/Users/Rafa Polope/Desktop/TFM/Memoria Latex/Memoria/tex/memoria.tex
LaTeX2e <2023-06-01> patch level 1
L3 programming layer <2023-08-29>

! LaTeX Error: File `tfg.cls' not found.

Type X to quit or <RETURN> to proceed,
or enter new name. (Default extension: cls)

Enter file name: 
c:/Users/Rafa Polope/Desktop/TFM/Memoria Latex/Memoria/tex/memoria.tex:2: Emergency stop.
<read *> 
         
l.2 ^^M
       
*** (cannot \read from terminal in nonstop modes)

 
Here is how much of TeX's memory you used:
 24 strings out of 475247
 640 string characters out of 5754924
 1917801 words of memory out of 5000000
 21648 multiletter control sequences out of 15000+600000
 558069 words of font info for 36 fonts, out of 8000000 for 9000
 1141 hyphenation exceptions out of 8191
 19i,0n,29p,153b,17s stack positions out of 10000i,1000n,20000p,200000b,200000s
c:/Users/Rafa Polope/Desktop/TFM/Memoria Latex/Memoria/tex/memoria.tex:2:  ==> Fatal error occurred, no output PDF file produced!
